<?xml version="1.0" encoding="utf-8" standalone="no"?>
<test-results xmlns:xsi="http://www.w3.org/2001/XMLSchema-instance" xsi:noNamespaceSchemaLocation="nunit_schema_2.5.xsd" name="Pester" total="24" errors="0" failures="0" not-run="0" inconclusive="0" ignored="0" skipped="0" invalid="0" date="2020-09-09" time="15:57:18">
  <environment clr-version="4.0.30319.42000" user-domain="IiDDev" cwd="C:\Projects\PSDB" platform="Microsoft Windows Server 2019 Datacenter|C:\windows|\Device\Harddisk0\Partition2" machine-name="IiDDev" nunit-version="2.5.8.0" os-version="10.0.17763" user="IiDadmin" />
  <culture-info current-culture="en-GB" current-uiculture="en-US" />
  <test-suite type="TestFixture" name="Pester" executed="True" result="Success" success="True" time="28.9755" asserts="0" description="Pester">
    <results>
      <test-suite type="TestFixture" name="C:\Projects\PSDB\Tests\Export-PSDBSqlDatabase.Tests.ps1" executed="True" result="Success" success="True" time="0.3543" asserts="0" description="C:\Projects\PSDB\Tests\Export-PSDBSqlDatabase.Tests.ps1">
        <results>
          <test-suite type="TestFixture" name="PSDB" executed="True" result="Success" success="True" time="0.2629" asserts="0" description="PSDB">
            <results>
              <test-suite type="TestFixture" name="PSDB.Export-PSDBSqlDatabase" executed="True" result="Success" success="True" time="0.1992" asserts="0" description="PSDB.Export-PSDBSqlDatabase">
                <results>
                  <test-case description="Should return the status link after triggering the export operation" name="PSDB.Export-PSDBSqlDatabase.Should return the status link after triggering the export operation" time="0.0418" asserts="0" success="True" result="Success" executed="True" />
                </results>
              </test-suite>
            </results>
          </test-suite>
        </results>
      </test-suite>
      <test-suite type="TestFixture" name="C:\Projects\PSDB\Tests\Get-PSDBConnectionString.Tests.ps1" executed="True" result="Success" success="True" time="0.7723" asserts="0" description="C:\Projects\PSDB\Tests\Get-PSDBConnectionString.Tests.ps1">
        <results>
          <test-suite type="TestFixture" name="PSDB" executed="True" result="Success" success="True" time="0.6354" asserts="0" description="PSDB">
            <results>
              <test-suite type="TestFixture" name="PSDB.Get-PSDBConnectionString" executed="True" result="Success" success="True" time="0.5658" asserts="0" description="PSDB.Get-PSDBConnectionString">
                <results>
                  <test-case description="Should be exactly same as result" name="PSDB.Get-PSDBConnectionString.Should be exactly same as result" time="0.4156" asserts="0" success="True" result="Success" executed="True" />
                  <test-case description="Should return Az Sql Connection strings" name="PSDB.Get-PSDBConnectionString.Should return Az Sql Connection strings" time="0.0166" asserts="0" success="True" result="Success" executed="True" />
                  <test-case description="Should return corresponding value" name="PSDB.Get-PSDBConnectionString.Should return corresponding value" time="0.0133" asserts="0" success="True" result="Success" executed="True" />
                </results>
              </test-suite>
            </results>
          </test-suite>
        </results>
      </test-suite>
      <test-suite type="TestFixture" name="C:\Projects\PSDB\Tests\Get-PSDBDatabaseData.Tests.ps1" executed="True" result="Success" success="True" time="8.0306" asserts="0" description="C:\Projects\PSDB\Tests\Get-PSDBDatabaseData.Tests.ps1">
        <results>
          <test-suite type="TestFixture" name="PSDB" executed="True" result="Success" success="True" time="7.5842" asserts="0" description="PSDB">
            <results>
              <test-suite type="TestFixture" name="PSDB.Get-PSDBDatabaseData" executed="True" result="Success" success="True" time="7.4834" asserts="0" description="PSDB.Get-PSDBDatabaseData">
                <results>
                  <test-case description="Should be exactly same as result" name="PSDB.Get-PSDBDatabaseData.Should be exactly same as result" time="2.5081" asserts="0" success="True" result="Success" executed="True" />
                  <test-case description="Should be of type DataTable" name="PSDB.Get-PSDBDatabaseData.Should be of type DataTable" time="2.2474" asserts="0" success="True" result="Success" executed="True" />
                  <test-case description="Should return corresponding value" name="PSDB.Get-PSDBDatabaseData.Should return corresponding value" time="2.6664" asserts="0" success="True" result="Success" executed="True" />
                </results>
              </test-suite>
            </results>
          </test-suite>
        </results>
      </test-suite>
      <test-suite type="TestFixture" name="C:\Projects\PSDB\Tests\Get-PSDBImportExportStatus.Tests.ps1" executed="True" result="Success" success="True" time="0.2391" asserts="0" description="C:\Projects\PSDB\Tests\Get-PSDBImportExportStatus.Tests.ps1">
        <results>
          <test-suite type="TestFixture" name="PSDB" executed="True" result="Success" success="True" time="0.1662" asserts="0" description="PSDB">
            <results>
              <test-suite type="TestFixture" name="PSDB.Get-PSDBImportExportStatus" executed="True" result="Success" success="True" time="0.0901" asserts="0" description="PSDB.Get-PSDBImportExportStatus">
                <results>
                  <test-case description="Should be exactly same as result" name="PSDB.Get-PSDBImportExportStatus.Should be exactly same as result" time="0.015" asserts="0" success="True" result="Success" executed="True" />
                </results>
              </test-suite>
            </results>
          </test-suite>
        </results>
      </test-suite>
      <test-suite type="TestFixture" name="C:\Projects\PSDB\Tests\Get-PSDBKVSecret.Tests.ps1" executed="True" result="Success" success="True" time="1.4279" asserts="0" description="C:\Projects\PSDB\Tests\Get-PSDBKVSecret.Tests.ps1">
        <results>
          <test-suite type="TestFixture" name="PSDB" executed="True" result="Success" success="True" time="1.2715" asserts="0" description="PSDB">
            <results>
              <test-suite type="TestFixture" name="PSDB.Get-PSDBKVSecret" executed="True" result="Success" success="True" time="1.2114" asserts="0" description="PSDB.Get-PSDBKVSecret">
                <results>
                  <test-case description="Should return password as plain text" name="PSDB.Get-PSDBKVSecret.Should return password as plain text" time="0.0184" asserts="0" success="True" result="Success" executed="True" />
                  <test-case description="Should return password as secure string" name="PSDB.Get-PSDBKVSecret.Should return password as secure string" time="1.1362" asserts="0" success="True" result="Success" executed="True" />
                </results>
              </test-suite>
            </results>
          </test-suite>
        </results>
      </test-suite>
      <test-suite type="TestFixture" name="C:\Projects\PSDB\Tests\Import-PSDBSqlDatabase.Tests.ps1" executed="True" result="Success" success="True" time="0.4685" asserts="0" description="C:\Projects\PSDB\Tests\Import-PSDBSqlDatabase.Tests.ps1">
        <results>
          <test-suite type="TestFixture" name="PSDB" executed="True" result="Success" success="True" time="0.2219" asserts="0" description="PSDB">
            <results>
              <test-suite type="TestFixture" name="PSDB.Import-PSDBSqlDatabase" executed="True" result="Success" success="True" time="0.1367" asserts="0" description="PSDB.Import-PSDBSqlDatabase">
                <results>
                  <test-case description="Should return the status link after triggering the import operation" name="PSDB.Import-PSDBSqlDatabase.Should return the status link after triggering the import operation" time="0.0447" asserts="0" success="True" result="Success" executed="True" />
                </results>
              </test-suite>
            </results>
          </test-suite>
        </results>
      </test-suite>
      <test-suite type="TestFixture" name="C:\Projects\PSDB\Tests\Invoke-PSDBDatabaseQuery.Tests.ps1" executed="True" result="Success" success="True" time="11.8739" asserts="0" description="C:\Projects\PSDB\Tests\Invoke-PSDBDatabaseQuery.Tests.ps1">
        <results>
          <test-suite type="TestFixture" name="PSDB" executed="True" result="Success" success="True" time="11.7261" asserts="0" description="PSDB">
            <results>
              <test-suite type="TestFixture" name="PSDB.Invoke-PSDBDatabaseQuery" executed="True" result="Success" success="True" time="11.6605" asserts="0" description="PSDB.Invoke-PSDBDatabaseQuery">
                <results>
                  <test-case description="Should create [test] user" name="PSDB.Invoke-PSDBDatabaseQuery.Should create [test] user" time="2.9354" asserts="0" success="True" result="Success" executed="True" />
                  <test-case description="Should return corresponding value" name="PSDB.Invoke-PSDBDatabaseQuery.Should return corresponding value" time="2.8588" asserts="0" success="True" result="Success" executed="True" />
                  <test-case description="Should drop [test] user" name="PSDB.Invoke-PSDBDatabaseQuery.Should drop [test] user" time="3.1711" asserts="0" success="True" result="Success" executed="True" />
                  <test-case description="Should not exists" name="PSDB.Invoke-PSDBDatabaseQuery.Should not exists" time="2.6497" asserts="0" success="True" result="Success" executed="True" />
                </results>
              </test-suite>
            </results>
          </test-suite>
        </results>
      </test-suite>
      <test-suite type="TestFixture" name="C:\Projects\PSDB\Tests\New-PSDBConnectionString.Tests.ps1" executed="True" result="Success" success="True" time="0.2925" asserts="0" description="C:\Projects\PSDB\Tests\New-PSDBConnectionString.Tests.ps1">
        <results>
          <test-suite type="TestFixture" name="PSDB" executed="True" result="Success" success="True" time="0.2261" asserts="0" description="PSDB">
            <results>
              <test-suite type="TestFixture" name="PSDB.New-PSDBConnectionString" executed="True" result="Success" success="True" time="0.1564" asserts="0" description="PSDB.New-PSDBConnectionString">
                <results>
                  <test-case description="Should return 'Standard' connection string" name="PSDB.New-PSDBConnectionString.Should return 'Standard' connection string" time="0.0148" asserts="0" success="True" result="Success" executed="True" />
                  <test-case description="Should return 'MARS Enabled' connection string" name="PSDB.New-PSDBConnectionString.Should return 'MARS Enabled' connection string" time="0.011" asserts="0" success="True" result="Success" executed="True" />
                  <test-case description="Should return 'AAD With Username and Password' connection string" name="PSDB.New-PSDBConnectionString.Should return 'AAD With Username and Password' connection string" time="0.0111" asserts="0" success="True" result="Success" executed="True" />
                  <test-case description="Should return 'Integrated Windows Authentication with AAD' connection string" name="PSDB.New-PSDBConnectionString.Should return 'Integrated Windows Authentication with AAD' connection string" time="0.0229" asserts="0" success="True" result="Success" executed="True" />
                  <test-case description="Should return 'Always Encrypted' connection string" name="PSDB.New-PSDBConnectionString.Should return 'Always Encrypted' connection string" time="0.0121" asserts="0" success="True" result="Success" executed="True" />
                  <test-case description="Should be exactly same as $connectionString" name="PSDB.New-PSDBConnectionString.Should be exactly same as $connectionString" time="0.0101" asserts="0" success="True" result="Success" executed="True" />
                </results>
              </test-suite>
            </results>
          </test-suite>
        </results>
      </test-suite>
      <test-suite type="TestFixture" name="C:\Projects\PSDB\Tests\Set-PSDBDefault.Tests.ps1" executed="True" result="Success" success="True" time="5.5164" asserts="0" description="C:\Projects\PSDB\Tests\Set-PSDBDefault.Tests.ps1">
        <results>
          <test-suite type="TestFixture" name="PSDB" executed="True" result="Success" success="True" time="5.4565" asserts="0" description="PSDB">
            <results>
              <test-suite type="TestFixture" name="PSDB.Set-PSDBDefault" executed="True" result="Success" success="True" time="5.2996" asserts="0" description="PSDB.Set-PSDBDefault">
                <results>
                  <test-case description="Should set the subscription in current context" name="PSDB.Set-PSDBDefault.Should set the subscription in current context" time="3.02" asserts="0" success="True" result="Success" executed="True" />
                  <test-case description="Should create environment variable" name="PSDB.Set-PSDBDefault.Should create environment variable" time="1.0422" asserts="0" success="True" result="Success" executed="True" />
                  <test-case description="Environment variable should contain current context value" name="PSDB.Set-PSDBDefault.Environment variable should contain current context value" time="1.1885" asserts="0" success="True" result="Success" executed="True" />
                </results>
              </test-suite>
            </results>
          </test-suite>
        </results>
      </test-suite>
    </results>
  </test-suite>
</test-results>